npm verb cli /usr/local/bin/node /usr/local/bin/npm
npm info using npm@9.8.1
npm info using node@v18.18.0
npm verb title npm install
npm verb argv "install" "--legacy-peer-deps" "--loglevel" "verbose"
npm verb logfile logs-max:10 dir:/Users/kg/.npm/_logs/2023-12-13T02_18_13_882Z-
npm verb logfile /Users/kg/.npm/_logs/2023-12-13T02_18_13_882Z-debug-0.log
npm http fetch GET 200 https://registry.npmjs.org/browserstack-cypress-cli 663ms (cache revalidated)
npm http fetch GET 200 https://registry.npmjs.org/cypress 155ms (cache revalidated)
npm http fetch GET 200 https://registry.npmjs.org/cli-progress 236ms (cache revalidated)
npm http fetch GET 200 https://registry.npmjs.org/yargs 409ms (cache revalidated)
npm http fetch GET 200 https://registry.npmjs.org/git-last-commit 518ms (cache revalidated)
npm http fetch GET 200 https://registry.npmjs.org/fs-extra 520ms (cache revalidated)
npm http fetch GET 200 https://registry.npmjs.org/gitconfiglocal 519ms (cache revalidated)
npm http fetch GET 200 https://registry.npmjs.org/mkdirp 518ms (cache revalidated)
npm http fetch GET 200 https://registry.npmjs.org/mocha 522ms (cache revalidated)
npm http fetch GET 200 https://registry.npmjs.org/requestretry 526ms (cache revalidated)
npm http fetch GET 200 https://registry.npmjs.org/windows-release 526ms (cache revalidated)
npm http fetch GET 200 https://registry.npmjs.org/git-repo-info 533ms (cache revalidated)
npm http fetch GET 200 https://registry.npmjs.org/uuid 529ms (cache revalidated)
npm http fetch GET 200 https://registry.npmjs.org/getmac 537ms (cache revalidated)
npm http fetch GET 200 https://registry.npmjs.org/request 534ms (cache revalidated)
npm http fetch GET 200 https://registry.npmjs.org/glob 538ms (cache revalidated)
npm http fetch GET 200 https://registry.npmjs.org/decompress 600ms (cache revalidated)
npm http fetch GET 200 https://registry.npmjs.org/async 710ms (cache revalidated)
npm http fetch GET 200 https://registry.npmjs.org/blob-util 691ms (cache revalidated)
npm http fetch GET 200 https://registry.npmjs.org/buffer 692ms (cache revalidated)
npm http fetch GET 200 https://registry.npmjs.org/@types%2fsizzle 698ms (cache revalidated)
npm http fetch GET 200 https://registry.npmjs.org/check-more-types 694ms (cache revalidated)
npm http fetch GET 200 https://registry.npmjs.org/bluebird 698ms (cache revalidated)
npm http fetch GET 200 https://registry.npmjs.org/arch 703ms (cache revalidated)
npm http fetch GET 200 https://registry.npmjs.org/cachedir 701ms (cache revalidated)
npm http fetch GET 200 https://registry.npmjs.org/@types%2fsinonjs__fake-timers 706ms (cache revalidated)
npm http fetch GET 200 https://registry.npmjs.org/@cypress%2fxvfb 708ms (cache revalidated)
npm http fetch GET 200 https://registry.npmjs.org/@types%2fnode 712ms (cache revalidated)
npm http fetch GET 200 https://registry.npmjs.org/@cypress%2frequest 738ms (cache revalidated)
npm http fetch GET 200 https://registry.npmjs.org/table 747ms (cache revalidated)
npm http fetch GET 200 https://registry.npmjs.org/node-ipc 753ms (cache revalidated)
npm http fetch GET 200 https://registry.npmjs.org/extract-zip 789ms (cache revalidated)
npm http fetch GET 200 https://registry.npmjs.org/fs-extra 788ms (cache revalidated)
npm http fetch GET 200 https://registry.npmjs.org/cli-cursor 801ms (cache revalidated)
npm http fetch GET 200 https://registry.npmjs.org/executable 793ms (cache revalidated)
npm http fetch GET 200 https://registry.npmjs.org/chalk 804ms (cache revalidated)
npm http fetch GET 200 https://registry.npmjs.org/archiver 831ms (cache revalidated)
npm http fetch GET 200 https://registry.npmjs.org/common-tags 804ms (cache revalidated)
npm http fetch GET 200 https://registry.npmjs.org/figures 797ms (cache revalidated)
npm http fetch GET 200 https://registry.npmjs.org/chalk 831ms (cache revalidated)
npm http fetch GET 200 https://registry.npmjs.org/enquirer 805ms (cache revalidated)
npm http fetch GET 200 https://registry.npmjs.org/cli-table3 844ms (cache revalidated)
npm http fetch GET 200 https://registry.npmjs.org/commander 845ms (cache revalidated)
npm http fetch GET 200 https://registry.npmjs.org/debug 848ms (cache revalidated)
npm http fetch GET 200 https://registry.npmjs.org/lazy-ass 884ms (cache revalidated)
npm http fetch GET 200 https://registry.npmjs.org/is-ci 887ms (cache revalidated)
npm http fetch GET 200 https://registry.npmjs.org/winston 914ms (cache revalidated)
npm http fetch GET 200 https://registry.npmjs.org/execa 896ms (cache revalidated)
npm http fetch GET 200 https://registry.npmjs.org/listr2 889ms (cache revalidated)
npm http fetch GET 200 https://registry.npmjs.org/log-symbols 893ms (cache revalidated)
npm http fetch GET 200 https://registry.npmjs.org/pretty-bytes 888ms (cache revalidated)
npm http fetch GET 200 https://registry.npmjs.org/semver 886ms (cache revalidated)
npm http fetch GET 200 https://registry.npmjs.org/process 889ms (cache revalidated)
npm http fetch GET 200 https://registry.npmjs.org/minimist 896ms (cache revalidated)
npm http fetch GET 200 https://registry.npmjs.org/ospath 891ms (cache revalidated)
npm http fetch GET 200 https://registry.npmjs.org/dayjs 914ms (cache revalidated)
npm http fetch GET 200 https://registry.npmjs.org/supports-color 892ms (cache revalidated)
npm http fetch GET 200 https://registry.npmjs.org/proxy-from-env 897ms (cache revalidated)
npm http fetch GET 200 https://registry.npmjs.org/update-notifier 980ms (cache revalidated)
npm http fetch GET 200 https://registry.npmjs.org/request-progress 941ms (cache revalidated)
npm http fetch GET 200 https://registry.npmjs.org/lodash 951ms (cache revalidated)
npm http fetch GET 200 https://registry.npmjs.org/yauzl 938ms (cache revalidated)
npm http fetch GET 200 https://registry.npmjs.org/is-installed-globally 955ms (cache revalidated)
npm http fetch GET 200 https://registry.npmjs.org/getos 958ms (cache revalidated)
npm http fetch GET 200 https://registry.npmjs.org/tmp 942ms (cache revalidated)
npm http fetch GET 200 https://registry.npmjs.org/eventemitter2 966ms (cache revalidated)
npm http fetch GET 200 https://registry.npmjs.org/untildify 1148ms (cache revalidated)
npm http fetch GET 200 https://registry.npmjs.org/browserstack-local 1202ms (cache revalidated)
npm http fetch GET 200 https://registry.npmjs.org/ps-tree 424ms (cache revalidated)
npm http fetch GET 200 https://registry.npmjs.org/make-dir 417ms (cache revalidated)
npm http fetch GET 200 https://registry.npmjs.org/readdir-glob 430ms (cache revalidated)
npm http fetch GET 200 https://registry.npmjs.org/is-running 427ms (cache revalidated)
npm http fetch GET 200 https://registry.npmjs.org/decompress-unzip 420ms (cache revalidated)
npm http fetch GET 200 https://registry.npmjs.org/decompress-tar 422ms (cache revalidated)
npm http fetch GET 200 https://registry.npmjs.org/tar-stream 433ms (cache revalidated)
npm http fetch GET 200 https://registry.npmjs.org/buffer-crc32 436ms (cache revalidated)
npm http fetch GET 200 https://registry.npmjs.org/zip-stream 437ms (cache revalidated)
npm http fetch GET 200 https://registry.npmjs.org/archiver-utils 442ms (cache revalidated)
npm http fetch GET 200 https://registry.npmjs.org/agent-base 435ms (cache revalidated)
npm http fetch GET 200 https://registry.npmjs.org/ansi-styles 434ms (cache revalidated)
npm http fetch GET 200 https://registry.npmjs.org/temp-fs 623ms (cache revalidated)
npm http fetch GET 200 https://registry.npmjs.org/decompress-tarbz2 619ms (cache revalidated)
npm http fetch GET 200 https://registry.npmjs.org/jsonfile 615ms (cache revalidated)
npm http fetch GET 200 https://registry.npmjs.org/inflight 607ms (cache revalidated)
npm http fetch GET 200 https://registry.npmjs.org/pify 619ms (cache revalidated)
npm http fetch GET 200 https://registry.npmjs.org/ini 610ms (cache revalidated)
npm http fetch GET 200 https://registry.npmjs.org/fs.realpath 610ms (cache revalidated)
npm http fetch GET 200 https://registry.npmjs.org/universalify 617ms (cache revalidated)
npm http fetch GET 200 https://registry.npmjs.org/diff 605ms (cache revalidated)
npm http fetch GET 200 https://registry.npmjs.org/https-proxy-agent 631ms (cache revalidated)
npm http fetch GET 200 https://registry.npmjs.org/decompress-targz 625ms (cache revalidated)
npm http fetch GET 200 https://registry.npmjs.org/path-is-absolute 611ms (cache revalidated)
npm http fetch GET 200 https://registry.npmjs.org/strip-dirs 623ms (cache revalidated)
npm http fetch GET 200 https://registry.npmjs.org/graceful-fs 623ms (cache revalidated)
npm http fetch GET 200 https://registry.npmjs.org/string-width 630ms (cache revalidated)
npm http fetch GET 200 https://registry.npmjs.org/escape-string-regexp 847ms (cache revalidated)
npm http fetch GET 200 https://registry.npmjs.org/minimatch 854ms (cache revalidated)
npm http fetch GET 200 https://registry.npmjs.org/he 851ms (cache revalidated)
npm http fetch GET 200 https://registry.npmjs.org/inherits 914ms (cache revalidated)
npm http fetch GET 200 https://registry.npmjs.org/strip-json-comments 905ms (cache revalidated)
npm http fetch GET 200 https://registry.npmjs.org/workerpool 905ms (cache revalidated)
npm http fetch GET 200 https://registry.npmjs.org/chokidar 912ms (cache revalidated)
npm http fetch GET 200 https://registry.npmjs.org/ms 911ms (cache revalidated)
npm http fetch GET 200 https://registry.npmjs.org/browser-stdout 915ms (cache revalidated)
npm http fetch GET 200 https://registry.npmjs.org/once 919ms (cache revalidated)
npm http fetch GET 200 https://registry.npmjs.org/find-up 914ms (cache revalidated)
npm http fetch GET 200 https://registry.npmjs.org/yargs-parser 910ms (cache revalidated)
npm http fetch GET 200 https://registry.npmjs.org/ansi-colors 919ms (cache revalidated)
npm http fetch GET 200 https://registry.npmjs.org/js-yaml 916ms (cache revalidated)
npm http fetch GET 200 https://registry.npmjs.org/minimatch 916ms (cache revalidated)
npm http fetch GET 200 https://registry.npmjs.org/event-pubsub 968ms (cache revalidated)
npm http fetch GET 200 https://registry.npmjs.org/graceful-fs 994ms (cache revalidated)
npm http fetch GET 200 https://registry.npmjs.org/nanoid 975ms (cache revalidated)
npm http fetch GET 200 https://registry.npmjs.org/readable-stream 1063ms (cache revalidated)
npm http fetch GET 200 https://registry.npmjs.org/aws4 1028ms (cache revalidated)
npm http fetch GET 200 https://registry.npmjs.org/http-signature 1042ms (cache revalidated)
npm http fetch GET 200 https://registry.npmjs.org/is-typedarray 1041ms (cache revalidated)
npm http fetch GET 200 https://registry.npmjs.org/extend 1045ms (cache revalidated)
npm http fetch GET 200 https://registry.npmjs.org/caseless 1049ms (cache revalidated)
npm http fetch GET 200 https://registry.npmjs.org/js-queue 1052ms (cache revalidated)
npm http fetch GET 200 https://registry.npmjs.org/combined-stream 1046ms (cache revalidated)
npm http fetch GET 200 https://registry.npmjs.org/har-validator 1045ms (cache revalidated)
npm http fetch GET 200 https://registry.npmjs.org/js-message 1055ms (cache revalidated)
npm http fetch GET 200 https://registry.npmjs.org/serialize-javascript 1059ms (cache revalidated)
npm http fetch GET 200 https://registry.npmjs.org/form-data 1048ms (cache revalidated)
npm http fetch GET 200 https://registry.npmjs.org/forever-agent 1145ms (cache revalidated)
npm http fetch GET 200 https://registry.npmjs.org/aws-sign2 1152ms (cache revalidated)
npm http fetch GET 200 https://registry.npmjs.org/isstream 1144ms (cache revalidated)
npm http fetch GET 200 https://registry.npmjs.org/safe-buffer 1244ms (cache revalidated)
npm http fetch GET 200 https://registry.npmjs.org/slice-ansi 1241ms (cache revalidated)
npm http fetch GET 200 https://registry.npmjs.org/tunnel-agent 1245ms (cache revalidated)
npm http fetch GET 200 https://registry.npmjs.org/mime-types 1248ms (cache revalidated)
npm http fetch GET 200 https://registry.npmjs.org/json-stringify-safe 1249ms (cache revalidated)
npm http fetch GET 200 https://registry.npmjs.org/extend 1245ms (cache revalidated)
npm http fetch GET 200 https://registry.npmjs.org/yargs-unparser 1261ms (cache revalidated)
npm http fetch GET 200 https://registry.npmjs.org/ajv 1246ms (cache revalidated)
npm http fetch GET 200 https://registry.npmjs.org/has-yarn 1248ms (cache revalidated)
npm http fetch GET 200 https://registry.npmjs.org/string-width 1250ms (cache revalidated)
npm http fetch GET 200 https://registry.npmjs.org/xdg-basedir 1247ms (cache revalidated)
npm http fetch GET 200 https://registry.npmjs.org/performance-now 1257ms (cache revalidated)
npm http fetch GET 200 https://registry.npmjs.org/qs 1258ms (cache revalidated)
npm http fetch GET 200 https://registry.npmjs.org/oauth-sign 1261ms (cache revalidated)
npm http fetch GET 200 https://registry.npmjs.org/configstore 1254ms (cache revalidated)
npm http fetch GET 200 https://registry.npmjs.org/latest-version 1358ms (cache revalidated)
npm http fetch GET 200 https://registry.npmjs.org/isstream 1350ms (cache revalidated)
npm http fetch GET 200 https://registry.npmjs.org/tough-cookie 1367ms (cache revalidated)
npm http fetch GET 200 https://registry.npmjs.org/eyes 1352ms (cache revalidated)
npm http fetch GET 200 https://registry.npmjs.org/get-caller-file 1349ms (cache revalidated)
npm http fetch GET 200 https://registry.npmjs.org/semver-diff 1360ms (cache revalidated)
npm http fetch GET 200 https://registry.npmjs.org/pupa 1361ms (cache revalidated)
npm http fetch GET 200 https://registry.npmjs.org/stack-trace 1353ms (cache revalidated)
npm http fetch GET 200 https://registry.npmjs.org/is-npm 1363ms (cache revalidated)
npm http fetch GET 200 https://registry.npmjs.org/cycle 1354ms (cache revalidated)
npm http fetch GET 200 https://registry.npmjs.org/colors 1466ms (cache revalidated)
npm http fetch GET 200 https://registry.npmjs.org/import-lazy 1477ms (cache revalidated)
npm http fetch GET 200 https://registry.npmjs.org/decamelize 1465ms (cache revalidated)
npm http fetch GET 200 https://registry.npmjs.org/is-yarn-global 1477ms (cache revalidated)
npm http fetch GET 200 https://registry.npmjs.org/find-up 1466ms (cache revalidated)
npm http fetch GET 200 https://registry.npmjs.org/boxen 1517ms (cache revalidated)
npm http fetch GET 200 https://registry.npmjs.org/require-main-filename 1503ms (cache revalidated)
npm http fetch GET 200 https://registry.npmjs.org/y18n 1503ms (cache revalidated)
npm http fetch GET 200 https://registry.npmjs.org/cliui 1507ms (cache revalidated)
npm http fetch GET 200 https://registry.npmjs.org/yargs-parser 1505ms (cache revalidated)
npm http fetch GET 200 https://registry.npmjs.org/which-module 1508ms (cache revalidated)
npm http fetch GET 200 https://registry.npmjs.org/require-directory 1510ms (cache revalidated)
npm http fetch GET 200 https://registry.npmjs.org/set-blocking 1627ms (cache revalidated)
npm http fetch GET 200 https://registry.npmjs.org/lodash.isplainobject 199ms (cache revalidated)
npm http fetch GET 200 https://registry.npmjs.org/lodash.flatten 201ms (cache revalidated)
npm http fetch GET 200 https://registry.npmjs.org/string_decoder 228ms (cache revalidated)
npm http fetch GET 200 https://registry.npmjs.org/util-deprecate 228ms (cache revalidated)
npm http fetch GET 200 https://registry.npmjs.org/end-of-stream 225ms (cache revalidated)
npm http fetch GET 200 https://registry.npmjs.org/lodash.union 234ms (cache revalidated)
npm http fetch GET 200 https://registry.npmjs.org/lodash.difference 238ms (cache revalidated)
npm http fetch GET 200 https://registry.npmjs.org/normalize-path 234ms (cache revalidated)
npm http fetch GET 200 https://registry.npmjs.org/compress-commons 220ms (cache revalidated)
npm http fetch GET 200 https://registry.npmjs.org/lazystream 242ms (cache revalidated)
npm http fetch GET 200 https://registry.npmjs.org/fs-constants 227ms (cache revalidated)
npm http fetch GET 200 https://registry.npmjs.org/lodash.defaults 242ms (cache revalidated)
npm http fetch GET 200 https://registry.npmjs.org/bl 230ms (cache revalidated)
npm http fetch GET 200 https://registry.npmjs.org/isarray 161ms (cache revalidated)
npm http fetch GET 200 https://registry.npmjs.org/core-util-is 162ms (cache revalidated)
npm http fetch GET 200 https://registry.npmjs.org/process-nextick-args 212ms (cache revalidated)
npm http fetch GET 200 https://registry.npmjs.org/rimraf 51ms (cache revalidated)
npm http fetch GET 200 https://registry.npmjs.org/event-stream 152ms (cache revalidated)
npm http fetch GET 200 https://registry.npmjs.org/has-flag 140ms (cache revalidated)
npm http fetch GET 200 https://registry.npmjs.org/color-convert 145ms (cache revalidated)
npm http fetch GET 200 https://registry.npmjs.org/color-name 346ms (cache revalidated)
npm http fetch GET 200 https://registry.npmjs.org/is-fullwidth-code-point 239ms (cache revalidated)
npm http fetch GET 200 https://registry.npmjs.org/emoji-regex 242ms (cache revalidated)
npm http fetch GET 200 https://registry.npmjs.org/strip-ansi 240ms (cache revalidated)
npm http fetch GET 200 https://registry.npmjs.org/get-stream 275ms (cache revalidated)
npm http fetch GET 200 https://registry.npmjs.org/strip-final-newline 273ms (cache revalidated)
npm http fetch GET 200 https://registry.npmjs.org/is-stream 276ms (cache revalidated)
npm http fetch GET 200 https://registry.npmjs.org/human-signals 277ms (cache revalidated)
npm http fetch GET 200 https://registry.npmjs.org/onetime 276ms (cache revalidated)
npm http fetch GET 200 https://registry.npmjs.org/merge-stream 278ms (cache revalidated)
npm http fetch GET 200 https://registry.npmjs.org/restore-cursor 285ms (cache revalidated)
npm http fetch GET 200 https://registry.npmjs.org/cli-truncate 269ms (cache revalidated)
npm http fetch GET 200 https://registry.npmjs.org/ieee754 292ms (cache revalidated)
npm http fetch GET 200 https://registry.npmjs.org/cross-spawn 283ms (cache revalidated)
npm http fetch GET 200 https://registry.npmjs.org/lodash.once 299ms (cache revalidated)
npm http fetch GET 200 https://registry.npmjs.org/undici-types 297ms (cache revalidated)
npm http fetch GET 200 https://registry.npmjs.org/signal-exit 287ms (cache revalidated)
npm http fetch GET 200 https://registry.npmjs.org/base64-js 300ms (cache revalidated)
npm http fetch GET 200 https://registry.npmjs.org/@colors%2fcolors 298ms (cache revalidated)
npm http fetch GET 200 https://registry.npmjs.org/global-dirs 295ms (cache revalidated)
npm http fetch GET 200 https://registry.npmjs.org/at-least-node 298ms (cache revalidated)
npm http fetch GET 200 https://registry.npmjs.org/is-unicode-supported 285ms (cache revalidated)
npm http fetch GET 200 https://registry.npmjs.org/p-map 291ms (cache revalidated)
npm http fetch GET 200 https://registry.npmjs.org/colorette 294ms (cache revalidated)
npm http fetch GET 200 https://registry.npmjs.org/log-update 293ms (cache revalidated)
npm http fetch GET 200 https://registry.npmjs.org/rxjs 291ms (cache revalidated)
npm http fetch GET 200 https://registry.npmjs.org/is-path-inside 301ms (cache revalidated)
npm http fetch GET 200 https://registry.npmjs.org/throttleit 334ms (cache revalidated)
npm http fetch GET 200 https://registry.npmjs.org/lru-cache 335ms (cache revalidated)
npm http fetch GET 200 https://registry.npmjs.org/rfdc 518ms (cache revalidated)
npm http fetch GET 200 https://registry.npmjs.org/fd-slicer 506ms (cache revalidated)
npm http fetch GET 200 https://registry.npmjs.org/through 517ms (cache revalidated)
npm http fetch GET 200 https://registry.npmjs.org/@types%2fyauzl 531ms (cache revalidated)
npm http fetch GET 200 https://registry.npmjs.org/wrap-ansi 518ms (cache revalidated)
npm http fetch GET 200 https://registry.npmjs.org/ci-info 529ms (cache revalidated)
npm http fetch GET 200 https://registry.npmjs.org/get-stream 535ms (cache revalidated)
npm http fetch GET 200 https://registry.npmjs.org/npm-run-path 538ms (cache revalidated)
npm http fetch GET 200 https://registry.npmjs.org/mime-db 179ms (cache revalidated)
npm http fetch GET 200 https://registry.npmjs.org/punycode 177ms (cache revalidated)
npm http fetch GET 200 https://registry.npmjs.org/asynckit 187ms (cache revalidated)
npm http fetch GET 200 https://registry.npmjs.org/delayed-stream 191ms (cache revalidated)
npm http fetch GET 200 https://registry.npmjs.org/assert-plus 188ms (cache revalidated)
npm http fetch GET 200 https://registry.npmjs.org/jsprim 187ms (cache revalidated)
npm http fetch GET 200 https://registry.npmjs.org/url-parse 180ms (cache revalidated)
npm http fetch GET 200 https://registry.npmjs.org/sshpk 189ms (cache revalidated)
npm http fetch GET 200 https://registry.npmjs.org/side-channel 185ms (cache revalidated)
npm http fetch GET 200 https://registry.npmjs.org/psl 184ms (cache revalidated)
npm http fetch GET 200 https://registry.npmjs.org/unbzip2-stream 208ms (cache revalidated)
npm http fetch GET 200 https://registry.npmjs.org/file-type 211ms (cache revalidated)
npm http fetch GET 200 https://registry.npmjs.org/file-type 210ms (cache revalidated)
npm http fetch GET 200 https://registry.npmjs.org/file-type 218ms (cache revalidated)
npm http fetch GET 200 https://registry.npmjs.org/is-natural-number 215ms (cache revalidated)
npm http fetch GET 200 https://registry.npmjs.org/seek-bzip 524ms (cache revalidated)
npm http fetch GET 200 https://registry.npmjs.org/to-buffer 90ms (cache revalidated)
npm http fetch GET 200 https://registry.npmjs.org/xtend 90ms (cache revalidated)
npm http fetch GET 200 https://registry.npmjs.org/buffer-alloc 121ms (cache revalidated)
npm http fetch GET 200 https://registry.npmjs.org/pinkie-promise 220ms (cache revalidated)
npm http fetch GET 200 https://registry.npmjs.org/object-assign 222ms (cache revalidated)
npm http fetch GET 200 https://registry.npmjs.org/ansi-regex 132ms (cache revalidated)
npm http fetch GET 200 https://registry.npmjs.org/path-key 171ms (cache revalidated)
npm http fetch GET 200 https://registry.npmjs.org/mimic-fn 161ms (cache revalidated)
npm http fetch GET 200 https://registry.npmjs.org/shebang-command 171ms (cache revalidated)
npm http fetch GET 200 https://registry.npmjs.org/path-key 164ms (cache revalidated)
npm http fetch GET 200 https://registry.npmjs.org/which 171ms (cache revalidated)
npm http fetch GET 200 https://registry.npmjs.org/pump 169ms (cache revalidated)
npm http fetch GET 200 https://registry.npmjs.org/shebang-regex 45ms (cache revalidated)
npm http fetch GET 200 https://registry.npmjs.org/isexe 58ms (cache revalidated)
npm http fetch GET 200 https://registry.npmjs.org/pinkie 197ms (cache revalidated)
npm http fetch GET 200 https://registry.npmjs.org/wrappy 94ms (cache revalidated)
npm http fetch GET 200 https://registry.npmjs.org/brace-expansion 141ms (cache revalidated)
npm http fetch GET 200 https://registry.npmjs.org/dashdash 232ms (cache revalidated)
npm http fetch GET 200 https://registry.npmjs.org/tweetnacl 230ms (cache revalidated)
npm http fetch GET 200 https://registry.npmjs.org/extsprintf 236ms (cache revalidated)
npm http fetch GET 200 https://registry.npmjs.org/json-schema 236ms (cache revalidated)
npm http fetch GET 200 https://registry.npmjs.org/verror 235ms (cache revalidated)
npm http fetch GET 200 https://registry.npmjs.org/jsbn 233ms (cache revalidated)
npm http fetch GET 200 https://registry.npmjs.org/ecc-jsbn 307ms (cache revalidated)
npm http fetch GET 200 https://registry.npmjs.org/safer-buffer 310ms (cache revalidated)
npm http fetch GET 200 https://registry.npmjs.org/asn1 312ms (cache revalidated)
npm http fetch GET 200 https://registry.npmjs.org/bcrypt-pbkdf 309ms (cache revalidated)
npm http fetch GET 200 https://registry.npmjs.org/getpass 313ms (cache revalidated)
npm http fetch GET 200 https://registry.npmjs.org/ansi-escapes 150ms (cache revalidated)
npm http fetch GET 200 https://registry.npmjs.org/aggregate-error 150ms (cache revalidated)
npm http fetch GET 200 https://registry.npmjs.org/tslib 149ms (cache revalidated)
npm http fetch GET 200 https://registry.npmjs.org/astral-regex 164ms (cache revalidated)
npm http fetch GET 200 https://registry.npmjs.org/type-fest 147ms (cache revalidated)
npm http fetch GET 200 https://registry.npmjs.org/concat-map 85ms (cache revalidated)
npm http fetch GET 200 https://registry.npmjs.org/balanced-match 87ms (cache revalidated)
npm http fetch GET 200 https://registry.npmjs.org/anymatch 150ms (cache revalidated)
npm http fetch GET 200 https://registry.npmjs.org/braces 158ms (cache revalidated)
npm http fetch GET 200 https://registry.npmjs.org/randombytes 200ms (cache revalidated)
npm http fetch GET 200 https://registry.npmjs.org/path-exists 208ms (cache revalidated)
npm http fetch GET 200 https://registry.npmjs.org/locate-path 209ms (cache revalidated)
npm http fetch GET 200 https://registry.npmjs.org/readdirp 214ms (cache revalidated)
npm http fetch GET 200 https://registry.npmjs.org/flat 197ms (cache revalidated)
npm http fetch GET 200 https://registry.npmjs.org/is-plain-obj 197ms (cache revalidated)
npm http fetch GET 200 https://registry.npmjs.org/is-glob 217ms (cache revalidated)
npm http fetch GET 200 https://registry.npmjs.org/fsevents 216ms (cache revalidated)
npm http fetch GET 200 https://registry.npmjs.org/is-binary-path 220ms (cache revalidated)
npm http fetch GET 200 https://registry.npmjs.org/argparse 211ms (cache revalidated)
npm http fetch GET 200 https://registry.npmjs.org/glob-parent 223ms (cache revalidated)
npm http fetch GET 200 https://registry.npmjs.org/camelcase 234ms (cache revalidated)
npm http fetch GET 200 https://registry.npmjs.org/escalade 238ms (cache revalidated)
npm http fetch GET 200 https://registry.npmjs.org/picomatch 135ms (cache revalidated)
npm http fetch GET 200 https://registry.npmjs.org/fill-range 155ms (cache revalidated)
npm http fetch GET 200 https://registry.npmjs.org/binary-extensions 154ms (cache revalidated)
npm http fetch GET 200 https://registry.npmjs.org/picomatch 153ms (cache revalidated)
npm http fetch GET 200 https://registry.npmjs.org/is-extglob 156ms (cache revalidated)
npm http fetch GET 200 https://registry.npmjs.org/to-regex-range 142ms (cache revalidated)
npm http fetch GET 200 https://registry.npmjs.org/is-number 281ms (cache revalidated)
npm http fetch GET 200 https://registry.npmjs.org/p-locate 147ms (cache revalidated)
npm http fetch GET 200 https://registry.npmjs.org/p-limit 132ms (cache revalidated)
npm http fetch GET 200 https://registry.npmjs.org/easy-stack 323ms (cache revalidated)
npm http fetch GET 200 https://registry.npmjs.org/yocto-queue 80ms (cache revalidated)
npm http fetch GET 200 https://registry.npmjs.org/clean-stack 64ms (cache revalidated)
npm http fetch GET 200 https://registry.npmjs.org/indent-string 123ms (cache revalidated)
npm http fetch GET 200 https://registry.npmjs.org/duplexer 114ms (cache revalidated)
npm http fetch GET 200 https://registry.npmjs.org/split 112ms (cache revalidated)
npm http fetch GET 200 https://registry.npmjs.org/pause-stream 114ms (cache revalidated)
npm http fetch GET 200 https://registry.npmjs.org/map-stream 114ms (cache revalidated)
npm http fetch GET 200 https://registry.npmjs.org/stream-combiner 119ms (cache revalidated)
npm http fetch GET 200 https://registry.npmjs.org/from 375ms (cache revalidated)
npm http fetch GET 200 https://registry.npmjs.org/get-intrinsic 114ms (cache revalidated)
npm http fetch GET 200 https://registry.npmjs.org/object-inspect 114ms (cache revalidated)
npm http fetch GET 200 https://registry.npmjs.org/call-bind 253ms (cache revalidated)
npm http fetch GET 200 https://registry.npmjs.org/har-schema 93ms (cache revalidated)
npm http fetch GET 200 https://registry.npmjs.org/json-schema-traverse 112ms (cache revalidated)
npm http fetch GET 200 https://registry.npmjs.org/uri-js 112ms (cache revalidated)
npm http fetch GET 200 https://registry.npmjs.org/fast-json-stable-stringify 115ms (cache revalidated)
npm http fetch GET 200 https://registry.npmjs.org/fast-deep-equal 134ms (cache revalidated)
npm http fetch GET 200 https://registry.npmjs.org/yallist 92ms (cache revalidated)
npm http fetch GET 200 https://registry.npmjs.org/hasown 111ms (cache revalidated)
npm http fetch GET 200 https://registry.npmjs.org/has-symbols 113ms (cache revalidated)
npm http fetch GET 200 https://registry.npmjs.org/has-proto 114ms (cache revalidated)
npm http fetch GET 200 https://registry.npmjs.org/set-function-length 116ms (cache revalidated)
npm http fetch GET 200 https://registry.npmjs.org/function-bind 117ms (cache revalidated)
npm http fetch GET 200 https://registry.npmjs.org/gopd 102ms (cache revalidated)
npm http fetch GET 200 https://registry.npmjs.org/has-property-descriptors 102ms (cache revalidated)
npm http fetch GET 200 https://registry.npmjs.org/define-data-property 120ms (cache revalidated)
npm http fetch GET 200 https://registry.npmjs.org/requires-port 170ms (cache revalidated)
npm http fetch GET 200 https://registry.npmjs.org/querystringify 171ms (cache revalidated)
npm http fetch GET 200 https://registry.npmjs.org/widest-line 111ms (cache revalidated)
npm http fetch GET 200 https://registry.npmjs.org/unique-string 109ms (cache revalidated)
npm http fetch GET 200 https://registry.npmjs.org/escape-goat 111ms (cache revalidated)
npm http fetch GET 200 https://registry.npmjs.org/cli-boxes 125ms (cache revalidated)
npm http fetch GET 200 https://registry.npmjs.org/write-file-atomic 119ms (cache revalidated)
npm http fetch GET 200 https://registry.npmjs.org/package-json 114ms (cache revalidated)
npm http fetch GET 200 https://registry.npmjs.org/ansi-align 128ms (cache revalidated)
npm http fetch GET 200 https://registry.npmjs.org/dot-prop 123ms (cache revalidated)
npm http fetch GET 200 https://registry.npmjs.org/crypto-random-string 110ms (cache revalidated)
npm http fetch GET 200 https://registry.npmjs.org/is-obj 114ms (cache revalidated)
npm http fetch GET 200 https://registry.npmjs.org/typedarray-to-buffer 126ms (cache revalidated)
npm http fetch GET 200 https://registry.npmjs.org/imurmurhash 128ms (cache revalidated)
npm http fetch GET 200 https://registry.npmjs.org/registry-url 75ms (cache revalidated)
npm http fetch GET 200 https://registry.npmjs.org/got 79ms (cache revalidated)
npm http fetch GET 200 https://registry.npmjs.org/registry-auth-token 103ms (cache revalidated)
npm http fetch GET 200 https://registry.npmjs.org/url-parse-lax 131ms (cache revalidated)
npm http fetch GET 200 https://registry.npmjs.org/cacheable-request 137ms (cache revalidated)
npm http fetch GET 200 https://registry.npmjs.org/rc 131ms (cache revalidated)
npm http fetch GET 200 https://registry.npmjs.org/mimic-response 136ms (cache revalidated)
npm http fetch GET 200 https://registry.npmjs.org/rc 132ms (cache revalidated)
npm http fetch GET 200 https://registry.npmjs.org/to-readable-stream 137ms (cache revalidated)
npm http fetch GET 200 https://registry.npmjs.org/decompress-response 140ms (cache revalidated)
npm http fetch GET 200 https://registry.npmjs.org/@szmarczak%2fhttp-timer 169ms (cache revalidated)
npm http fetch GET 200 https://registry.npmjs.org/@sindresorhus%2fis 171ms (cache revalidated)
npm http fetch GET 200 https://registry.npmjs.org/duplexer3 197ms (cache revalidated)
npm http fetch GET 200 https://registry.npmjs.org/p-cancelable 196ms (cache revalidated)
npm http fetch GET 200 https://registry.npmjs.org/lowercase-keys 200ms (cache revalidated)
npm http fetch GET 200 https://registry.npmjs.org/responselike 84ms (cache revalidated)
npm http fetch GET 200 https://registry.npmjs.org/defer-to-connect 90ms (cache revalidated)
npm http fetch GET 200 https://registry.npmjs.org/http-cache-semantics 88ms (cache revalidated)
npm http fetch GET 200 https://registry.npmjs.org/normalize-url 87ms (cache revalidated)
npm http fetch GET 200 https://registry.npmjs.org/prepend-http 90ms (cache revalidated)
npm http fetch GET 200 https://registry.npmjs.org/clone-response 98ms (cache revalidated)
npm http fetch GET 200 https://registry.npmjs.org/keyv 98ms (cache revalidated)
npm http fetch GET 200 https://registry.npmjs.org/json-buffer 110ms (cache revalidated)
npm http fetch GET 200 https://registry.npmjs.org/deep-extend 57ms (cache revalidated)
npm http fetch GET 200 https://registry.npmjs.org/pend 211ms (cache revalidated)
npm http fetch GET 200 https://registry.npmjs.org/crc32-stream 309ms (cache revalidated)
npm http fetch GET 200 https://registry.npmjs.org/crc-32 139ms (cache revalidated)
npm http fetch GET 200 https://registry.npmjs.org/buffer-fill 179ms (cache revalidated)
npm http fetch GET 200 https://registry.npmjs.org/buffer-alloc-unsafe 180ms (cache revalidated)
npm http fetch GET 200 https://registry.npmjs.org/p-try 133ms (cache revalidated)
npm http fetch POST 200 https://registry.npmjs.org/-/npm/v1/security/advisories/bulk 828ms
npm WARN deprecated har-validator@5.1.5: this library is no longer supported
npm WARN deprecated uuid@3.4.0: Please upgrade  to version 7 or higher.  Older versions may use Math.random() in certain circumstances, which is known to be problematic.  See https://v8.dev/blog/math-random for details.
npm WARN deprecated request@2.88.2: request has been deprecated, see https://github.com/request/request/issues/3142
npm info run cypress@13.6.1 postinstall node_modules/cypress node index.js --exec install
npm info run cypress@13.6.1 postinstall { code: 0, signal: null }

added 450 packages, and audited 451 packages in 18s

66 packages are looking for funding
  run `npm fund` for details

7 moderate severity vulnerabilities

To address all issues (including breaking changes), run:
  npm audit fix --force

Run `npm audit` for details.
npm verb exit 0
npm info ok 
